Traceback (most recent call last):
  File "C:\Users\ISNITA\AppData\Local\Programs\Python\Python310\lib\site-packages\jupyter_cache\executors\utils.py", line 58, in single_nb_execution
    executenb(
  File "C:\Users\ISNITA\AppData\Local\Programs\Python\Python310\lib\site-packages\nbclient\client.py", line 1314, in execute
    return NotebookClient(nb=nb, resources=resources, km=km, **kwargs).execute()
  File "C:\Users\ISNITA\AppData\Roaming\Python\Python310\site-packages\jupyter_core\utils\__init__.py", line 166, in wrapped
    return loop.run_until_complete(inner)
  File "C:\Users\ISNITA\AppData\Local\Programs\Python\Python310\lib\asyncio\base_events.py", line 646, in run_until_complete
    return future.result()
  File "C:\Users\ISNITA\AppData\Local\Programs\Python\Python310\lib\site-packages\nbclient\client.py", line 709, in async_execute
    await self.async_execute_cell(
  File "C:\Users\ISNITA\AppData\Local\Programs\Python\Python310\lib\site-packages\nbclient\client.py", line 1062, in async_execute_cell
    await self._check_raise_for_error(cell, cell_index, exec_reply)
  File "C:\Users\ISNITA\AppData\Local\Programs\Python\Python310\lib\site-packages\nbclient\client.py", line 918, in _check_raise_for_error
    raise CellExecutionError.from_cell_and_msg(cell, exec_reply_content)
nbclient.exceptions.CellExecutionError: An error occurred while executing the following cell:
------------------
def crawl_article(url):
    try:
        response = requests.get(url)
        response.raise_for_status()  # Memastikan permintaan berhasil
        soup = BeautifulSoup(response.content, 'html.parser')

        # Mengambil judul
        title_element = soup.find('h1', class_='text-cnn_black')
        title = title_element.get_text().strip() if title_element else 'Judul tidak ditemukan'

        # Mengambil Isi
        content_div = soup.find('div', class_='detail-text')
        content = "\n".join([p.get_text().strip() for p in content_div.find_all('p')]) if content_div else 'Isi artikel tidak ditemukan'

        # Mengambil tanggal
        date_div = soup.find('div', class_='text-cnn_grey text-sm mb-4')
        date_text = date_div.text.strip() if date_div else 'Tanggal tidak ditemukan'

        # Mengambil kategori
        category_meta = soup.find("meta", attrs={'name': 'dtk:namakanal'})
        category = category_meta['content'].strip() if category_meta and 'content' in category_meta.attrs else 'Kategori tidak ditemukan'

        return {'Judul': title, 'Isi': content, 'Tanggal': date_text, 'Kategori': category}
    except requests.RequestException as e:
        print(f"Error fetching article: {e}")
        return None

article_url = input("Masukkan URL artikel: ")

# Melakukan crawl pada satu artikel
article = crawl_article(article_url)

df = pd.DataFrame([article])  # Membuat DataFrame dari dictionary
df
------------------


[1;31m---------------------------------------------------------------------------[0m
[1;31mStdinNotImplementedError[0m                  Traceback (most recent call last)
Cell [1;32mIn[3], line 28[0m
[0;32m     25[0m         [38;5;28mprint[39m([38;5;124mf[39m[38;5;124m"[39m[38;5;124mError fetching article: [39m[38;5;132;01m{[39;00me[38;5;132;01m}[39;00m[38;5;124m"[39m)
[0;32m     26[0m         [38;5;28;01mreturn[39;00m [38;5;28;01mNone[39;00m
[1;32m---> 28[0m article_url [38;5;241m=[39m [38;5;28;43minput[39;49m[43m([49m[38;5;124;43m"[39;49m[38;5;124;43mMasukkan URL artikel: [39;49m[38;5;124;43m"[39;49m[43m)[49m
[0;32m     30[0m [38;5;66;03m# Melakukan crawl pada satu artikel[39;00m
[0;32m     31[0m article [38;5;241m=[39m crawl_article(article_url)

File [1;32m~\AppData\Roaming\Python\Python310\site-packages\ipykernel\kernelbase.py:1201[0m, in [0;36mKernel.raw_input[1;34m(self, prompt)[0m
[0;32m   1199[0m [38;5;28;01mif[39;00m [38;5;129;01mnot[39;00m [38;5;28mself[39m[38;5;241m.[39m_allow_stdin:
[0;32m   1200[0m     msg [38;5;241m=[39m [38;5;124m"[39m[38;5;124mraw_input was called, but this frontend does not support input requests.[39m[38;5;124m"[39m
[1;32m-> 1201[0m     [38;5;28;01mraise[39;00m StdinNotImplementedError(msg)
[0;32m   1202[0m [38;5;28;01mreturn[39;00m [38;5;28mself[39m[38;5;241m.[39m_input_request(
[0;32m   1203[0m     [38;5;28mstr[39m(prompt),
[0;32m   1204[0m     [38;5;28mself[39m[38;5;241m.[39m_parent_ident[[38;5;124m"[39m[38;5;124mshell[39m[38;5;124m"[39m],
[0;32m   1205[0m     [38;5;28mself[39m[38;5;241m.[39mget_parent([38;5;124m"[39m[38;5;124mshell[39m[38;5;124m"[39m),
[0;32m   1206[0m     password[38;5;241m=[39m[38;5;28;01mFalse[39;00m,
[0;32m   1207[0m )

[1;31mStdinNotImplementedError[0m: raw_input was called, but this frontend does not support input requests.

